PLAN_TABLE_OUTPUT
------------------------------------------------------------------------------------------------------------------------------------
SQL_ID  fp3p8g8cxr4jm, child number 0
-------------------------------------
SELECT deptno, dname, loc FROM scott.dept WHERE  deptno = 20

Plan hash value: 1918422367

------------------------------------------------------------------------------------------------------------------------------------
| Id  | Operation                  | Name     | Rows  | Bytes | Cost (%CPU)| Time     | Pstart| Pstop |    TQ  |IN-OUT| PQ Distrib |
------------------------------------------------------------------------------------------------------------------------------------
|   0 | SELECT STATEMENT           |          |       |       |     3 (100)|          |       |       |        |      |            |
|   1 |  PX COORDINATOR            |          |       |       |            |          |       |       |        |      |            |
|   2 |   PX SEND QC (RANDOM)      | :TQ10000 |   700 | 21000 |     3 (100)| 00:00:01 |       |       |  Q1,00 | P->S | QC (RAND)  |
|   3 |    PX PARTITION LIST SINGLE|          |   700 | 21000 |     3 (100)| 00:00:01 |     2 |     2 |  Q1,00 | PCWC |            |
|   4 |     CONTAINERS FULL        | DEPT     |   700 | 21000 |     3 (100)| 00:00:01 |       |       |  Q1,00 | PCWP |            | 
------------------------------------------------------------------------------------------------------------------------------------